INFO  [2022-06-20 15:41:55,197] org.eclipse.jetty.util.log: Logging initialized @11185ms to org.eclipse.jetty.util.log.Slf4jLog
INFO  [2022-06-20 15:41:55,326] io.dropwizard.server.DefaultServerFactory: Registering jersey handler with root path prefix: /
INFO  [2022-06-20 15:41:55,329] io.dropwizard.server.DefaultServerFactory: Registering admin handler with root path prefix: /
INFO  [2022-06-20 15:41:55,538] org.hibernate.Version: HHH000412: Hibernate ORM core version 5.6.7.Final
INFO  [2022-06-20 15:41:55,848] io.dropwizard.hibernate.SessionFactoryFactory: Entity classes: [com.geolocation.domain.entity.Geolocation]
INFO  [2022-06-20 15:41:55,886] org.hibernate.annotations.common.Version: HCANN000001: Hibernate Commons Annotations {5.1.2.Final}
INFO  [2022-06-20 15:41:59,856] org.hibernate.dialect.Dialect: HHH000400: Using dialect: org.hibernate.dialect.MySQL5InnoDBDialect
INFO  [2022-06-20 15:42:02,351] io.dropwizard.server.ServerFactory: Starting GeoLocationApp
INFO  [2022-06-20 15:42:02,494] org.eclipse.jetty.setuid.SetUIDListener: Opened application@24de63b{HTTP/1.1, (http/1.1)}{0.0.0.0:8089}
INFO  [2022-06-20 15:42:02,494] org.eclipse.jetty.setuid.SetUIDListener: Opened admin@42d0e41{HTTP/1.1, (http/1.1)}{0.0.0.0:8090}
INFO  [2022-06-20 15:42:02,499] org.eclipse.jetty.server.Server: jetty-9.4.46.v20220331; built: 2022-03-31T16:38:08.030Z; git: bc17a0369a11ecf40bb92c839b9ef0a8ac50ea18; jvm 11.0.11+9-LTS
INFO  [2022-06-20 15:42:03,670] io.dropwizard.jersey.DropwizardResourceConfig: The following paths were found for the configured resources:

    GET     /geolocation/{ipAddress} (com.geolocation.resource.GeolocationResource)

INFO  [2022-06-20 15:42:03,672] org.eclipse.jetty.server.handler.ContextHandler: Started i.d.j.MutableServletContextHandler@65b19e5c{/,null,AVAILABLE}
INFO  [2022-06-20 15:42:03,676] io.dropwizard.setup.AdminEnvironment: tasks = 

    POST    /tasks/log-level (io.dropwizard.servlets.tasks.LogConfigurationTask)
    POST    /tasks/gc (io.dropwizard.servlets.tasks.GarbageCollectionTask)

INFO  [2022-06-20 15:42:03,677] org.eclipse.jetty.server.handler.ContextHandler: Started i.d.j.MutableServletContextHandler@5443086a{/,null,AVAILABLE}
INFO  [2022-06-20 15:42:03,693] org.eclipse.jetty.server.AbstractConnector: Started application@24de63b{HTTP/1.1, (http/1.1)}{0.0.0.0:8089}
INFO  [2022-06-20 15:42:03,700] org.eclipse.jetty.server.AbstractConnector: Started admin@42d0e41{HTTP/1.1, (http/1.1)}{0.0.0.0:8090}
INFO  [2022-06-20 15:42:03,700] org.eclipse.jetty.server.Server: Started @19690ms
INFO  [2022-06-20 15:42:56,266] com.geolocation.caching.GeolocationCaching: CacheStats = CacheStats{hitCount=0, missCount=0, loadSuccessCount=0, loadExceptionCount=0, totalLoadTime=0, evictionCount=0} 
INFO  [2022-06-20 15:42:56,284] com.geolocation.caching.GeolocationCaching: Fetching Geolocation Data from DB/ Cache
INFO  [2022-06-20 15:42:56,286] com.geolocation.service.GeolocationService: Ip address Searching in Database: 24.48.0.1
INFO  [2022-06-20 15:42:56,286] com.geolocation.service.GeolocationService: Searching for {} in database: 24.48.0.1
INFO  [2022-06-20 15:42:56,963] com.geolocation.service.GeolocationService: Record of 24.48.0.1 is not found in database
INFO  [2022-06-20 15:42:56,964] com.geolocation.service.GeolocationService: making api call to search 24.48.0.1: 
INFO  [2022-06-20 15:42:57,597] com.geolocation.service.GeolocationService: save geolocation data in database with ip address: 24.48.0.1
INFO  [2022-06-20 15:43:01,125] org.hibernate.engine.internal.StatisticalLoggingSessionEventListener: Session Metrics {
    144100 nanoseconds spent acquiring 1 JDBC connections;
    86000 nanoseconds spent releasing 1 JDBC connections;
    32918400 nanoseconds spent preparing 3 JDBC statements;
    624590700 nanoseconds spent executing 3 JDBC statements;
    0 nanoseconds spent executing 0 JDBC batches;
    0 nanoseconds spent performing 0 L2C puts;
    0 nanoseconds spent performing 0 L2C hits;
    0 nanoseconds spent performing 0 L2C misses;
    2685563700 nanoseconds spent executing 1 flushes (flushing a total of 1 entities and 0 collections);
    0 nanoseconds spent executing 0 partial-flushes (flushing a total of 0 entities and 0 collections)
}
INFO  [2022-06-20 16:19:14,690] org.eclipse.jetty.util.log: Logging initialized @5235ms to org.eclipse.jetty.util.log.Slf4jLog
INFO  [2022-06-20 16:19:14,815] io.dropwizard.server.DefaultServerFactory: Registering jersey handler with root path prefix: /
INFO  [2022-06-20 16:19:14,817] io.dropwizard.server.DefaultServerFactory: Registering admin handler with root path prefix: /
INFO  [2022-06-20 16:19:14,986] org.hibernate.Version: HHH000412: Hibernate ORM core version 5.6.7.Final
INFO  [2022-06-20 16:19:15,499] io.dropwizard.hibernate.SessionFactoryFactory: Entity classes: [com.geolocation.domain.entity.Geolocation]
INFO  [2022-06-20 16:19:15,533] org.hibernate.annotations.common.Version: HCANN000001: Hibernate Commons Annotations {5.1.2.Final}
INFO  [2022-06-20 16:19:21,955] org.hibernate.dialect.Dialect: HHH000400: Using dialect: org.hibernate.dialect.MySQL5InnoDBDialect
INFO  [2022-06-20 16:19:25,039] io.dropwizard.server.ServerFactory: Starting GeoLocationApp
INFO  [2022-06-20 16:19:25,326] org.eclipse.jetty.setuid.SetUIDListener: Opened application@340fc1aa{HTTP/1.1, (http/1.1)}{0.0.0.0:8089}
INFO  [2022-06-20 16:19:25,326] org.eclipse.jetty.setuid.SetUIDListener: Opened admin@34a33343{HTTP/1.1, (http/1.1)}{0.0.0.0:8090}
INFO  [2022-06-20 16:19:25,330] org.eclipse.jetty.server.Server: jetty-9.4.46.v20220331; built: 2022-03-31T16:38:08.030Z; git: bc17a0369a11ecf40bb92c839b9ef0a8ac50ea18; jvm 11.0.11+9-LTS
INFO  [2022-06-20 16:19:26,202] io.dropwizard.jersey.DropwizardResourceConfig: The following paths were found for the configured resources:

    GET     /locations/ (com.geolocation.resource.GeolocationResource)

WARN  [2022-06-20 16:19:26,204] org.glassfish.jersey.internal.Errors: The following warnings have been detected: WARNING: The (sub)resource method getGeolocation in com.geolocation.resource.GeolocationResource contains empty path annotation.

INFO  [2022-06-20 16:19:26,205] org.eclipse.jetty.server.handler.ContextHandler: Started i.d.j.MutableServletContextHandler@4bf89d3d{/,null,AVAILABLE}
INFO  [2022-06-20 16:19:26,210] io.dropwizard.setup.AdminEnvironment: tasks = 

    POST    /tasks/log-level (io.dropwizard.servlets.tasks.LogConfigurationTask)
    POST    /tasks/gc (io.dropwizard.servlets.tasks.GarbageCollectionTask)

INFO  [2022-06-20 16:19:26,211] org.eclipse.jetty.server.handler.ContextHandler: Started i.d.j.MutableServletContextHandler@3130ca39{/,null,AVAILABLE}
INFO  [2022-06-20 16:19:26,229] org.eclipse.jetty.server.AbstractConnector: Started application@340fc1aa{HTTP/1.1, (http/1.1)}{0.0.0.0:8089}
INFO  [2022-06-20 16:19:26,235] org.eclipse.jetty.server.AbstractConnector: Started admin@34a33343{HTTP/1.1, (http/1.1)}{0.0.0.0:8090}
INFO  [2022-06-20 16:19:26,235] org.eclipse.jetty.server.Server: Started @16782ms
INFO  [2022-06-20 16:19:51,654] com.geolocation.caching.GeolocationCaching: CacheStats = CacheStats{hitCount=0, missCount=0, loadSuccessCount=0, loadExceptionCount=0, totalLoadTime=0, evictionCount=0} 
INFO  [2022-06-20 16:19:51,671] com.geolocation.caching.GeolocationCaching: Fetching Geolocation Data from DB/ Cache
INFO  [2022-06-20 16:19:51,671] com.geolocation.service.GeolocationService: Ip address Searching in Database: 24.48.0.1
INFO  [2022-06-20 16:19:51,672] com.geolocation.service.GeolocationService: Searching for {} in database: 24.48.0.1
INFO  [2022-06-20 16:19:51,783] com.geolocation.service.GeolocationService: Record of 24.48.0.1 is not found in database
INFO  [2022-06-20 16:19:51,783] com.geolocation.service.GeolocationService: making api call to search 24.48.0.1: 
INFO  [2022-06-20 16:19:52,291] com.geolocation.service.GeolocationService: save geolocation data in database with ip address: 24.48.0.1
INFO  [2022-06-20 16:19:52,735] org.hibernate.engine.internal.StatisticalLoggingSessionEventListener: Session Metrics {
    84700 nanoseconds spent acquiring 1 JDBC connections;
    37500 nanoseconds spent releasing 1 JDBC connections;
    36808900 nanoseconds spent preparing 3 JDBC statements;
    60200800 nanoseconds spent executing 3 JDBC statements;
    0 nanoseconds spent executing 0 JDBC batches;
    0 nanoseconds spent performing 0 L2C puts;
    0 nanoseconds spent performing 0 L2C hits;
    0 nanoseconds spent performing 0 L2C misses;
    304361900 nanoseconds spent executing 1 flushes (flushing a total of 1 entities and 0 collections);
    0 nanoseconds spent executing 0 partial-flushes (flushing a total of 0 entities and 0 collections)
}
INFO  [2022-06-20 16:19:58,731] org.hibernate.engine.internal.StatisticalLoggingSessionEventListener: Session Metrics {
    34800 nanoseconds spent acquiring 1 JDBC connections;
    29200 nanoseconds spent releasing 1 JDBC connections;
    0 nanoseconds spent preparing 0 JDBC statements;
    0 nanoseconds spent executing 0 JDBC statements;
    0 nanoseconds spent executing 0 JDBC batches;
    0 nanoseconds spent performing 0 L2C puts;
    0 nanoseconds spent performing 0 L2C hits;
    0 nanoseconds spent performing 0 L2C misses;
    0 nanoseconds spent executing 0 flushes (flushing a total of 0 entities and 0 collections);
    0 nanoseconds spent executing 0 partial-flushes (flushing a total of 0 entities and 0 collections)
}
WARN  [2022-06-20 16:19:58,776] com.geolocation.exception.CustomValidationExceptionMapper: getGeolocation.query param ip: ip address is not valid
INFO  [2022-06-20 16:20:08,304] org.hibernate.engine.internal.StatisticalLoggingSessionEventListener: Session Metrics {
    57200 nanoseconds spent acquiring 1 JDBC connections;
    30100 nanoseconds spent releasing 1 JDBC connections;
    0 nanoseconds spent preparing 0 JDBC statements;
    0 nanoseconds spent executing 0 JDBC statements;
    0 nanoseconds spent executing 0 JDBC batches;
    0 nanoseconds spent performing 0 L2C puts;
    0 nanoseconds spent performing 0 L2C hits;
    0 nanoseconds spent performing 0 L2C misses;
    0 nanoseconds spent executing 0 flushes (flushing a total of 0 entities and 0 collections);
    0 nanoseconds spent executing 0 partial-flushes (flushing a total of 0 entities and 0 collections)
}
WARN  [2022-06-20 16:20:08,304] com.geolocation.exception.CustomValidationExceptionMapper: getGeolocation.query param ip: ip address is not valid
INFO  [2022-06-20 16:20:13,573] com.geolocation.caching.GeolocationCaching: CacheStats = CacheStats{hitCount=0, missCount=1, loadSuccessCount=1, loadExceptionCount=0, totalLoadTime=700945900, evictionCount=0} 
INFO  [2022-06-20 16:20:13,575] org.hibernate.engine.internal.StatisticalLoggingSessionEventListener: Session Metrics {
    41600 nanoseconds spent acquiring 1 JDBC connections;
    22600 nanoseconds spent releasing 1 JDBC connections;
    0 nanoseconds spent preparing 0 JDBC statements;
    0 nanoseconds spent executing 0 JDBC statements;
    0 nanoseconds spent executing 0 JDBC batches;
    0 nanoseconds spent performing 0 L2C puts;
    0 nanoseconds spent performing 0 L2C hits;
    0 nanoseconds spent performing 0 L2C misses;
    0 nanoseconds spent executing 0 flushes (flushing a total of 0 entities and 0 collections);
    0 nanoseconds spent executing 0 partial-flushes (flushing a total of 0 entities and 0 collections)
}
ERROR [2022-06-20 16:20:13,593] io.dropwizard.jersey.errors.LoggingExceptionMapper: Error handling a request: 5abf68ec32abc2af
! java.lang.NullPointerException: null
! at com.google.common.base.Preconditions.checkNotNull(Preconditions.java:889)
! at com.google.common.cache.LocalCache.get(LocalCache.java:3965)
! at com.google.common.cache.LocalCache.getOrLoad(LocalCache.java:3989)
! at com.google.common.cache.LocalCache$LocalLoadingCache.get(LocalCache.java:4950)
! at com.geolocation.caching.GeolocationCaching.getGeolocationDataFromCache(GeolocationCaching.java:54)
! at com.geolocation.resource.GeolocationResource.getGeolocation(GeolocationResource.java:39)
! at java.base/jdk.internal.reflect.NativeMethodAccessorImpl.invoke0(Native Method)
! at java.base/jdk.internal.reflect.NativeMethodAccessorImpl.invoke(NativeMethodAccessorImpl.java:62)
! at java.base/jdk.internal.reflect.DelegatingMethodAccessorImpl.invoke(DelegatingMethodAccessorImpl.java:43)
! at java.base/java.lang.reflect.Method.invoke(Method.java:566)
! at org.glassfish.jersey.server.model.internal.ResourceMethodInvocationHandlerFactory.lambda$static$0(ResourceMethodInvocationHandlerFactory.java:52)
! at org.glassfish.jersey.server.model.internal.AbstractJavaResourceMethodDispatcher$1.run(AbstractJavaResourceMethodDispatcher.java:124)
! at org.glassfish.jersey.server.model.internal.AbstractJavaResourceMethodDispatcher.invoke(AbstractJavaResourceMethodDispatcher.java:167)
! at org.glassfish.jersey.server.model.internal.JavaResourceMethodDispatcherProvider$ResponseOutInvoker.doDispatch(JavaResourceMethodDispatcherProvider.java:176)
! at org.glassfish.jersey.server.model.internal.AbstractJavaResourceMethodDispatcher.dispatch(AbstractJavaResourceMethodDispatcher.java:79)
! at org.glassfish.jersey.server.model.ResourceMethodInvoker.invoke(ResourceMethodInvoker.java:475)
! at org.glassfish.jersey.server.model.ResourceMethodInvoker.apply(ResourceMethodInvoker.java:397)
! at org.glassfish.jersey.server.model.ResourceMethodInvoker.apply(ResourceMethodInvoker.java:81)
! at org.glassfish.jersey.server.ServerRuntime$1.run(ServerRuntime.java:255)
! at org.glassfish.jersey.internal.Errors$1.call(Errors.java:248)
! at org.glassfish.jersey.internal.Errors$1.call(Errors.java:244)
! at org.glassfish.jersey.internal.Errors.process(Errors.java:292)
! at org.glassfish.jersey.internal.Errors.process(Errors.java:274)
! at org.glassfish.jersey.internal.Errors.process(Errors.java:244)
! at org.glassfish.jersey.process.internal.RequestScope.runInScope(RequestScope.java:265)
! at org.glassfish.jersey.server.ServerRuntime.process(ServerRuntime.java:234)
! at org.glassfish.jersey.server.ApplicationHandler.handle(ApplicationHandler.java:680)
! at org.glassfish.jersey.servlet.WebComponent.serviceImpl(WebComponent.java:394)
! at org.glassfish.jersey.servlet.WebComponent.service(WebComponent.java:346)
! at org.glassfish.jersey.servlet.ServletContainer.service(ServletContainer.java:366)
! at org.glassfish.jersey.servlet.ServletContainer.service(ServletContainer.java:319)
! at org.glassfish.jersey.servlet.ServletContainer.service(ServletContainer.java:205)
! at org.eclipse.jetty.servlet.ServletHolder.handle(ServletHolder.java:799)
! at org.eclipse.jetty.servlet.ServletHandler$ChainEnd.doFilter(ServletHandler.java:1631)
! at io.dropwizard.servlets.ThreadNameFilter.doFilter(ThreadNameFilter.java:35)
! at org.eclipse.jetty.servlet.FilterHolder.doFilter(FilterHolder.java:193)
! at org.eclipse.jetty.servlet.ServletHandler$Chain.doFilter(ServletHandler.java:1601)
! at io.dropwizard.jersey.filter.AllowedMethodsFilter.handle(AllowedMethodsFilter.java:47)
! at io.dropwizard.jersey.filter.AllowedMethodsFilter.doFilter(AllowedMethodsFilter.java:41)
! at org.eclipse.jetty.servlet.FilterHolder.doFilter(FilterHolder.java:193)
! at org.eclipse.jetty.servlet.ServletHandler$Chain.doFilter(ServletHandler.java:1601)
! at org.eclipse.jetty.servlet.ServletHandler.doHandle(ServletHandler.java:548)
! at org.eclipse.jetty.server.handler.ScopedHandler.nextHandle(ScopedHandler.java:233)
! at org.eclipse.jetty.server.handler.ContextHandler.doHandle(ContextHandler.java:1440)
! at org.eclipse.jetty.server.handler.ScopedHandler.nextScope(ScopedHandler.java:188)
! at org.eclipse.jetty.servlet.ServletHandler.doScope(ServletHandler.java:501)
! at org.eclipse.jetty.server.handler.ScopedHandler.nextScope(ScopedHandler.java:186)
! at org.eclipse.jetty.server.handler.ContextHandler.doScope(ContextHandler.java:1355)
! at org.eclipse.jetty.server.handler.ScopedHandler.handle(ScopedHandler.java:141)
! at org.eclipse.jetty.server.handler.HandlerWrapper.handle(HandlerWrapper.java:127)
! at com.codahale.metrics.jetty9.InstrumentedHandler.handle(InstrumentedHandler.java:313)
! at io.dropwizard.jetty.RoutingHandler.handle(RoutingHandler.java:52)
! at org.eclipse.jetty.server.handler.gzip.GzipHandler.handle(GzipHandler.java:763)
! at org.eclipse.jetty.server.handler.RequestLogHandler.handle(RequestLogHandler.java:54)
! at org.eclipse.jetty.server.handler.StatisticsHandler.handle(StatisticsHandler.java:179)
! at org.eclipse.jetty.server.handler.HandlerWrapper.handle(HandlerWrapper.java:127)
! at org.eclipse.jetty.server.Server.handle(Server.java:516)
! at org.eclipse.jetty.server.HttpChannel.lambda$handle$1(HttpChannel.java:487)
! at org.eclipse.jetty.server.HttpChannel.dispatch(HttpChannel.java:732)
! at org.eclipse.jetty.server.HttpChannel.handle(HttpChannel.java:479)
! at org.eclipse.jetty.server.HttpConnection.onFillable(HttpConnection.java:277)
! at org.eclipse.jetty.io.AbstractConnection$ReadCallback.succeeded(AbstractConnection.java:311)
! at org.eclipse.jetty.io.FillInterest.fillable(FillInterest.java:105)
! at org.eclipse.jetty.io.ChannelEndPoint$1.run(ChannelEndPoint.java:104)
! at org.eclipse.jetty.util.thread.strategy.EatWhatYouKill.runTask(EatWhatYouKill.java:338)
! at org.eclipse.jetty.util.thread.strategy.EatWhatYouKill.doProduce(EatWhatYouKill.java:315)
! at org.eclipse.jetty.util.thread.strategy.EatWhatYouKill.tryProduce(EatWhatYouKill.java:173)
! at org.eclipse.jetty.util.thread.strategy.EatWhatYouKill.run(EatWhatYouKill.java:131)
! at org.eclipse.jetty.util.thread.ReservedThreadExecutor$ReservedThread.run(ReservedThreadExecutor.java:409)
! at org.eclipse.jetty.util.thread.QueuedThreadPool.runJob(QueuedThreadPool.java:883)
! at org.eclipse.jetty.util.thread.QueuedThreadPool$Runner.run(QueuedThreadPool.java:1034)
! at java.base/java.lang.Thread.run(Thread.java:829)
INFO  [2022-06-20 16:20:32,999] com.geolocation.caching.GeolocationCaching: CacheStats = CacheStats{hitCount=0, missCount=1, loadSuccessCount=1, loadExceptionCount=0, totalLoadTime=700945900, evictionCount=0} 
INFO  [2022-06-20 16:20:33,001] org.hibernate.engine.internal.StatisticalLoggingSessionEventListener: Session Metrics {
    45200 nanoseconds spent acquiring 1 JDBC connections;
    30300 nanoseconds spent releasing 1 JDBC connections;
    0 nanoseconds spent preparing 0 JDBC statements;
    0 nanoseconds spent executing 0 JDBC statements;
    0 nanoseconds spent executing 0 JDBC batches;
    0 nanoseconds spent performing 0 L2C puts;
    0 nanoseconds spent performing 0 L2C hits;
    0 nanoseconds spent performing 0 L2C misses;
    0 nanoseconds spent executing 0 flushes (flushing a total of 0 entities and 0 collections);
    0 nanoseconds spent executing 0 partial-flushes (flushing a total of 0 entities and 0 collections)
}
ERROR [2022-06-20 16:20:33,002] io.dropwizard.jersey.errors.LoggingExceptionMapper: Error handling a request: 5734aa00521ae50b
! java.lang.NullPointerException: null
! at com.google.common.base.Preconditions.checkNotNull(Preconditions.java:889)
! at com.google.common.cache.LocalCache.get(LocalCache.java:3965)
! at com.google.common.cache.LocalCache.getOrLoad(LocalCache.java:3989)
! at com.google.common.cache.LocalCache$LocalLoadingCache.get(LocalCache.java:4950)
! at com.geolocation.caching.GeolocationCaching.getGeolocationDataFromCache(GeolocationCaching.java:54)
! at com.geolocation.resource.GeolocationResource.getGeolocation(GeolocationResource.java:39)
! at java.base/jdk.internal.reflect.NativeMethodAccessorImpl.invoke0(Native Method)
! at java.base/jdk.internal.reflect.NativeMethodAccessorImpl.invoke(NativeMethodAccessorImpl.java:62)
! at java.base/jdk.internal.reflect.DelegatingMethodAccessorImpl.invoke(DelegatingMethodAccessorImpl.java:43)
! at java.base/java.lang.reflect.Method.invoke(Method.java:566)
! at org.glassfish.jersey.server.model.internal.ResourceMethodInvocationHandlerFactory.lambda$static$0(ResourceMethodInvocationHandlerFactory.java:52)
! at org.glassfish.jersey.server.model.internal.AbstractJavaResourceMethodDispatcher$1.run(AbstractJavaResourceMethodDispatcher.java:124)
! at org.glassfish.jersey.server.model.internal.AbstractJavaResourceMethodDispatcher.invoke(AbstractJavaResourceMethodDispatcher.java:167)
! at org.glassfish.jersey.server.model.internal.JavaResourceMethodDispatcherProvider$ResponseOutInvoker.doDispatch(JavaResourceMethodDispatcherProvider.java:176)
! at org.glassfish.jersey.server.model.internal.AbstractJavaResourceMethodDispatcher.dispatch(AbstractJavaResourceMethodDispatcher.java:79)
! at org.glassfish.jersey.server.model.ResourceMethodInvoker.invoke(ResourceMethodInvoker.java:475)
! at org.glassfish.jersey.server.model.ResourceMethodInvoker.apply(ResourceMethodInvoker.java:397)
! at org.glassfish.jersey.server.model.ResourceMethodInvoker.apply(ResourceMethodInvoker.java:81)
! at org.glassfish.jersey.server.ServerRuntime$1.run(ServerRuntime.java:255)
! at org.glassfish.jersey.internal.Errors$1.call(Errors.java:248)
! at org.glassfish.jersey.internal.Errors$1.call(Errors.java:244)
! at org.glassfish.jersey.internal.Errors.process(Errors.java:292)
! at org.glassfish.jersey.internal.Errors.process(Errors.java:274)
! at org.glassfish.jersey.internal.Errors.process(Errors.java:244)
! at org.glassfish.jersey.process.internal.RequestScope.runInScope(RequestScope.java:265)
! at org.glassfish.jersey.server.ServerRuntime.process(ServerRuntime.java:234)
! at org.glassfish.jersey.server.ApplicationHandler.handle(ApplicationHandler.java:680)
! at org.glassfish.jersey.servlet.WebComponent.serviceImpl(WebComponent.java:394)
! at org.glassfish.jersey.servlet.WebComponent.service(WebComponent.java:346)
! at org.glassfish.jersey.servlet.ServletContainer.service(ServletContainer.java:366)
! at org.glassfish.jersey.servlet.ServletContainer.service(ServletContainer.java:319)
! at org.glassfish.jersey.servlet.ServletContainer.service(ServletContainer.java:205)
! at org.eclipse.jetty.servlet.ServletHolder.handle(ServletHolder.java:799)
! at org.eclipse.jetty.servlet.ServletHandler$ChainEnd.doFilter(ServletHandler.java:1631)
! at io.dropwizard.servlets.ThreadNameFilter.doFilter(ThreadNameFilter.java:35)
! at org.eclipse.jetty.servlet.FilterHolder.doFilter(FilterHolder.java:193)
! at org.eclipse.jetty.servlet.ServletHandler$Chain.doFilter(ServletHandler.java:1601)
! at io.dropwizard.jersey.filter.AllowedMethodsFilter.handle(AllowedMethodsFilter.java:47)
! at io.dropwizard.jersey.filter.AllowedMethodsFilter.doFilter(AllowedMethodsFilter.java:41)
! at org.eclipse.jetty.servlet.FilterHolder.doFilter(FilterHolder.java:193)
! at org.eclipse.jetty.servlet.ServletHandler$Chain.doFilter(ServletHandler.java:1601)
! at org.eclipse.jetty.servlet.ServletHandler.doHandle(ServletHandler.java:548)
! at org.eclipse.jetty.server.handler.ScopedHandler.nextHandle(ScopedHandler.java:233)
! at org.eclipse.jetty.server.handler.ContextHandler.doHandle(ContextHandler.java:1440)
! at org.eclipse.jetty.server.handler.ScopedHandler.nextScope(ScopedHandler.java:188)
! at org.eclipse.jetty.servlet.ServletHandler.doScope(ServletHandler.java:501)
! at org.eclipse.jetty.server.handler.ScopedHandler.nextScope(ScopedHandler.java:186)
! at org.eclipse.jetty.server.handler.ContextHandler.doScope(ContextHandler.java:1355)
! at org.eclipse.jetty.server.handler.ScopedHandler.handle(ScopedHandler.java:141)
! at org.eclipse.jetty.server.handler.HandlerWrapper.handle(HandlerWrapper.java:127)
! at com.codahale.metrics.jetty9.InstrumentedHandler.handle(InstrumentedHandler.java:313)
! at io.dropwizard.jetty.RoutingHandler.handle(RoutingHandler.java:52)
! at org.eclipse.jetty.server.handler.gzip.GzipHandler.handle(GzipHandler.java:763)
! at org.eclipse.jetty.server.handler.RequestLogHandler.handle(RequestLogHandler.java:54)
! at org.eclipse.jetty.server.handler.StatisticsHandler.handle(StatisticsHandler.java:179)
! at org.eclipse.jetty.server.handler.HandlerWrapper.handle(HandlerWrapper.java:127)
! at org.eclipse.jetty.server.Server.handle(Server.java:516)
! at org.eclipse.jetty.server.HttpChannel.lambda$handle$1(HttpChannel.java:487)
! at org.eclipse.jetty.server.HttpChannel.dispatch(HttpChannel.java:732)
! at org.eclipse.jetty.server.HttpChannel.handle(HttpChannel.java:479)
! at org.eclipse.jetty.server.HttpConnection.onFillable(HttpConnection.java:277)
! at org.eclipse.jetty.io.AbstractConnection$ReadCallback.succeeded(AbstractConnection.java:311)
! at org.eclipse.jetty.io.FillInterest.fillable(FillInterest.java:105)
! at org.eclipse.jetty.io.ChannelEndPoint$1.run(ChannelEndPoint.java:104)
! at org.eclipse.jetty.util.thread.strategy.EatWhatYouKill.runTask(EatWhatYouKill.java:338)
! at org.eclipse.jetty.util.thread.strategy.EatWhatYouKill.doProduce(EatWhatYouKill.java:315)
! at org.eclipse.jetty.util.thread.strategy.EatWhatYouKill.tryProduce(EatWhatYouKill.java:173)
! at org.eclipse.jetty.util.thread.strategy.EatWhatYouKill.run(EatWhatYouKill.java:131)
! at org.eclipse.jetty.util.thread.ReservedThreadExecutor$ReservedThread.run(ReservedThreadExecutor.java:409)
! at org.eclipse.jetty.util.thread.QueuedThreadPool.runJob(QueuedThreadPool.java:883)
! at org.eclipse.jetty.util.thread.QueuedThreadPool$Runner.run(QueuedThreadPool.java:1034)
! at java.base/java.lang.Thread.run(Thread.java:829)
INFO  [2022-06-20 16:21:39,576] org.eclipse.jetty.util.log: Logging initialized @2815ms to org.eclipse.jetty.util.log.Slf4jLog
INFO  [2022-06-20 16:21:39,740] io.dropwizard.server.DefaultServerFactory: Registering jersey handler with root path prefix: /
INFO  [2022-06-20 16:21:39,743] io.dropwizard.server.DefaultServerFactory: Registering admin handler with root path prefix: /
INFO  [2022-06-20 16:21:39,978] org.hibernate.Version: HHH000412: Hibernate ORM core version 5.6.7.Final
INFO  [2022-06-20 16:21:40,347] io.dropwizard.hibernate.SessionFactoryFactory: Entity classes: [com.geolocation.domain.entity.Geolocation]
INFO  [2022-06-20 16:21:40,388] org.hibernate.annotations.common.Version: HCANN000001: Hibernate Commons Annotations {5.1.2.Final}
INFO  [2022-06-20 16:21:42,169] org.hibernate.dialect.Dialect: HHH000400: Using dialect: org.hibernate.dialect.MySQL5InnoDBDialect
INFO  [2022-06-20 16:21:46,303] io.dropwizard.server.ServerFactory: Starting GeoLocationApp
INFO  [2022-06-20 16:21:46,397] org.eclipse.jetty.setuid.SetUIDListener: Opened application@5ad40184{HTTP/1.1, (http/1.1)}{0.0.0.0:8089}
INFO  [2022-06-20 16:21:46,398] org.eclipse.jetty.setuid.SetUIDListener: Opened admin@3359c3f6{HTTP/1.1, (http/1.1)}{0.0.0.0:8090}
INFO  [2022-06-20 16:21:46,402] org.eclipse.jetty.server.Server: jetty-9.4.46.v20220331; built: 2022-03-31T16:38:08.030Z; git: bc17a0369a11ecf40bb92c839b9ef0a8ac50ea18; jvm 11.0.11+9-LTS
INFO  [2022-06-20 16:21:47,030] io.dropwizard.jersey.DropwizardResourceConfig: The following paths were found for the configured resources:

    GET     /locations/ (com.geolocation.resource.GeolocationResource)

WARN  [2022-06-20 16:21:47,035] org.glassfish.jersey.internal.Errors: The following warnings have been detected: WARNING: The (sub)resource method getGeolocation in com.geolocation.resource.GeolocationResource contains empty path annotation.

INFO  [2022-06-20 16:21:47,036] org.eclipse.jetty.server.handler.ContextHandler: Started i.d.j.MutableServletContextHandler@2626aa35{/,null,AVAILABLE}
INFO  [2022-06-20 16:21:47,041] io.dropwizard.setup.AdminEnvironment: tasks = 

    POST    /tasks/log-level (io.dropwizard.servlets.tasks.LogConfigurationTask)
    POST    /tasks/gc (io.dropwizard.servlets.tasks.GarbageCollectionTask)

INFO  [2022-06-20 16:21:47,041] org.eclipse.jetty.server.handler.ContextHandler: Started i.d.j.MutableServletContextHandler@4c78e00c{/,null,AVAILABLE}
INFO  [2022-06-20 16:21:47,055] org.eclipse.jetty.server.AbstractConnector: Started application@5ad40184{HTTP/1.1, (http/1.1)}{0.0.0.0:8089}
INFO  [2022-06-20 16:21:47,061] org.eclipse.jetty.server.AbstractConnector: Started admin@3359c3f6{HTTP/1.1, (http/1.1)}{0.0.0.0:8090}
INFO  [2022-06-20 16:21:47,061] org.eclipse.jetty.server.Server: Started @10303ms
INFO  [2022-06-20 16:21:52,729] org.hibernate.engine.internal.StatisticalLoggingSessionEventListener: Session Metrics {
    68900 nanoseconds spent acquiring 1 JDBC connections;
    55400 nanoseconds spent releasing 1 JDBC connections;
    0 nanoseconds spent preparing 0 JDBC statements;
    0 nanoseconds spent executing 0 JDBC statements;
    0 nanoseconds spent executing 0 JDBC batches;
    0 nanoseconds spent performing 0 L2C puts;
    0 nanoseconds spent performing 0 L2C hits;
    0 nanoseconds spent performing 0 L2C misses;
    0 nanoseconds spent executing 0 flushes (flushing a total of 0 entities and 0 collections);
    0 nanoseconds spent executing 0 partial-flushes (flushing a total of 0 entities and 0 collections)
}
WARN  [2022-06-20 16:21:52,758] com.geolocation.exception.CustomValidationExceptionMapper: getGeolocation.query param ip: must not be empty
INFO  [2022-06-20 16:22:02,989] org.hibernate.engine.internal.StatisticalLoggingSessionEventListener: Session Metrics {
    38600 nanoseconds spent acquiring 1 JDBC connections;
    21700 nanoseconds spent releasing 1 JDBC connections;
    0 nanoseconds spent preparing 0 JDBC statements;
    0 nanoseconds spent executing 0 JDBC statements;
    0 nanoseconds spent executing 0 JDBC batches;
    0 nanoseconds spent performing 0 L2C puts;
    0 nanoseconds spent performing 0 L2C hits;
    0 nanoseconds spent performing 0 L2C misses;
    0 nanoseconds spent executing 0 flushes (flushing a total of 0 entities and 0 collections);
    0 nanoseconds spent executing 0 partial-flushes (flushing a total of 0 entities and 0 collections)
}
WARN  [2022-06-20 16:22:02,989] com.geolocation.exception.CustomValidationExceptionMapper: getGeolocation.query param ip: must not be empty, getGeolocation.query param ip: ip address is not valid
INFO  [2022-06-20 16:22:14,223] org.hibernate.engine.internal.StatisticalLoggingSessionEventListener: Session Metrics {
    56900 nanoseconds spent acquiring 1 JDBC connections;
    29600 nanoseconds spent releasing 1 JDBC connections;
    0 nanoseconds spent preparing 0 JDBC statements;
    0 nanoseconds spent executing 0 JDBC statements;
    0 nanoseconds spent executing 0 JDBC batches;
    0 nanoseconds spent performing 0 L2C puts;
    0 nanoseconds spent performing 0 L2C hits;
    0 nanoseconds spent performing 0 L2C misses;
    0 nanoseconds spent executing 0 flushes (flushing a total of 0 entities and 0 collections);
    0 nanoseconds spent executing 0 partial-flushes (flushing a total of 0 entities and 0 collections)
}
WARN  [2022-06-20 16:22:14,224] com.geolocation.exception.CustomValidationExceptionMapper: getGeolocation.query param ip: ip address is not valid
INFO  [2022-06-20 16:22:36,509] com.geolocation.caching.GeolocationCaching: CacheStats = CacheStats{hitCount=0, missCount=0, loadSuccessCount=0, loadExceptionCount=0, totalLoadTime=0, evictionCount=0} 
INFO  [2022-06-20 16:22:36,519] com.geolocation.caching.GeolocationCaching: Fetching Geolocation Data from DB/ Cache
INFO  [2022-06-20 16:22:36,519] com.geolocation.service.GeolocationService: Ip address Searching in Database: 24.48.0.1
INFO  [2022-06-20 16:22:36,519] com.geolocation.service.GeolocationService: Searching for {} in database: 24.48.0.1
INFO  [2022-06-20 16:22:36,604] com.geolocation.service.GeolocationService: Record of 24.48.0.1 is not found in database
INFO  [2022-06-20 16:22:36,604] com.geolocation.service.GeolocationService: making api call to search 24.48.0.1: 
INFO  [2022-06-20 16:22:36,958] com.geolocation.service.GeolocationService: save geolocation data in database with ip address: 24.48.0.1
INFO  [2022-06-20 16:22:37,074] org.hibernate.engine.internal.StatisticalLoggingSessionEventListener: Session Metrics {
    47000 nanoseconds spent acquiring 1 JDBC connections;
    169300 nanoseconds spent releasing 1 JDBC connections;
    20776400 nanoseconds spent preparing 3 JDBC statements;
    66371400 nanoseconds spent executing 3 JDBC statements;
    0 nanoseconds spent executing 0 JDBC batches;
    0 nanoseconds spent performing 0 L2C puts;
    0 nanoseconds spent performing 0 L2C hits;
    0 nanoseconds spent performing 0 L2C misses;
    54765700 nanoseconds spent executing 1 flushes (flushing a total of 1 entities and 0 collections);
    0 nanoseconds spent executing 0 partial-flushes (flushing a total of 0 entities and 0 collections)
}
INFO  [2022-06-20 16:45:00,676] org.eclipse.jetty.util.log: Logging initialized @4285ms to org.eclipse.jetty.util.log.Slf4jLog
INFO  [2022-06-20 16:45:00,797] io.dropwizard.server.DefaultServerFactory: Registering jersey handler with root path prefix: /
INFO  [2022-06-20 16:45:00,799] io.dropwizard.server.DefaultServerFactory: Registering admin handler with root path prefix: /
INFO  [2022-06-20 16:45:00,973] org.hibernate.Version: HHH000412: Hibernate ORM core version 5.6.7.Final
INFO  [2022-06-20 16:45:01,286] io.dropwizard.hibernate.SessionFactoryFactory: Entity classes: [com.geolocation.domain.entity.Geolocation]
INFO  [2022-06-20 16:45:01,333] org.hibernate.annotations.common.Version: HCANN000001: Hibernate Commons Annotations {5.1.2.Final}
INFO  [2022-06-20 16:45:02,929] org.hibernate.dialect.Dialect: HHH000400: Using dialect: org.hibernate.dialect.MySQL5InnoDBDialect
INFO  [2022-06-20 16:45:04,330] io.dropwizard.server.ServerFactory: Starting GeoLocationApp
INFO  [2022-06-20 16:45:04,442] org.eclipse.jetty.setuid.SetUIDListener: Opened application@520c3dcb{HTTP/1.1, (http/1.1)}{0.0.0.0:8089}
INFO  [2022-06-20 16:45:04,443] org.eclipse.jetty.setuid.SetUIDListener: Opened admin@145fe8ab{HTTP/1.1, (http/1.1)}{0.0.0.0:8090}
INFO  [2022-06-20 16:45:04,446] org.eclipse.jetty.server.Server: jetty-9.4.46.v20220331; built: 2022-03-31T16:38:08.030Z; git: bc17a0369a11ecf40bb92c839b9ef0a8ac50ea18; jvm 11.0.11+9-LTS
INFO  [2022-06-20 16:45:05,042] io.dropwizard.jersey.DropwizardResourceConfig: The following paths were found for the configured resources:

    GET     /locations/ (com.geolocation.resource.GeolocationResource)

WARN  [2022-06-20 16:45:05,047] org.glassfish.jersey.internal.Errors: The following warnings have been detected: WARNING: The (sub)resource method getGeolocation in com.geolocation.resource.GeolocationResource contains empty path annotation.

INFO  [2022-06-20 16:45:05,049] org.eclipse.jetty.server.handler.ContextHandler: Started i.d.j.MutableServletContextHandler@5f32ab17{/,null,AVAILABLE}
INFO  [2022-06-20 16:45:05,054] io.dropwizard.setup.AdminEnvironment: tasks = 

    POST    /tasks/log-level (io.dropwizard.servlets.tasks.LogConfigurationTask)
    POST    /tasks/gc (io.dropwizard.servlets.tasks.GarbageCollectionTask)

INFO  [2022-06-20 16:45:05,055] org.eclipse.jetty.server.handler.ContextHandler: Started i.d.j.MutableServletContextHandler@c86c486{/,null,AVAILABLE}
INFO  [2022-06-20 16:45:05,073] org.eclipse.jetty.server.AbstractConnector: Started application@520c3dcb{HTTP/1.1, (http/1.1)}{0.0.0.0:8089}
INFO  [2022-06-20 16:45:05,080] org.eclipse.jetty.server.AbstractConnector: Started admin@145fe8ab{HTTP/1.1, (http/1.1)}{0.0.0.0:8090}
INFO  [2022-06-20 16:45:05,080] org.eclipse.jetty.server.Server: Started @8691ms
INFO  [2022-06-20 16:45:07,602] com.geolocation.caching.GeolocationCaching: CacheStats = CacheStats{hitCount=0, missCount=0, loadSuccessCount=0, loadExceptionCount=0, totalLoadTime=0, evictionCount=0} 
INFO  [2022-06-20 16:45:07,617] com.geolocation.caching.GeolocationCaching: Fetching Geolocation Data from DB/ Cache
INFO  [2022-06-20 16:45:07,617] com.geolocation.service.GeolocationService: Ip address Searching in Database: 24.48.0.1
INFO  [2022-06-20 16:45:07,617] com.geolocation.service.GeolocationService: Searching for {} in database: 24.48.0.1
INFO  [2022-06-20 16:45:07,684] com.geolocation.service.GeolocationService: Record of 24.48.0.1 is not found in database
INFO  [2022-06-20 16:45:07,684] com.geolocation.service.GeolocationService: making api call to search 24.48.0.1: 
INFO  [2022-06-20 16:45:08,166] com.geolocation.service.GeolocationService: save geolocation data in database with ip address: 24.48.0.1
INFO  [2022-06-20 16:45:08,321] org.hibernate.engine.internal.StatisticalLoggingSessionEventListener: Session Metrics {
    52600 nanoseconds spent acquiring 1 JDBC connections;
    28600 nanoseconds spent releasing 1 JDBC connections;
    24387500 nanoseconds spent preparing 3 JDBC statements;
    30874100 nanoseconds spent executing 3 JDBC statements;
    0 nanoseconds spent executing 0 JDBC batches;
    0 nanoseconds spent performing 0 L2C puts;
    0 nanoseconds spent performing 0 L2C hits;
    0 nanoseconds spent performing 0 L2C misses;
    58292200 nanoseconds spent executing 1 flushes (flushing a total of 1 entities and 0 collections);
    0 nanoseconds spent executing 0 partial-flushes (flushing a total of 0 entities and 0 collections)
}
INFO  [2022-06-20 16:45:16,665] com.geolocation.caching.GeolocationCaching: CacheStats = CacheStats{hitCount=0, missCount=1, loadSuccessCount=1, loadExceptionCount=0, totalLoadTime=601489300, evictionCount=0} 
INFO  [2022-06-20 16:45:16,670] org.hibernate.engine.internal.StatisticalLoggingSessionEventListener: Session Metrics {
    61400 nanoseconds spent acquiring 1 JDBC connections;
    38900 nanoseconds spent releasing 1 JDBC connections;
    0 nanoseconds spent preparing 0 JDBC statements;
    0 nanoseconds spent executing 0 JDBC statements;
    0 nanoseconds spent executing 0 JDBC batches;
    0 nanoseconds spent performing 0 L2C puts;
    0 nanoseconds spent performing 0 L2C hits;
    0 nanoseconds spent performing 0 L2C misses;
    0 nanoseconds spent executing 0 flushes (flushing a total of 0 entities and 0 collections);
    0 nanoseconds spent executing 0 partial-flushes (flushing a total of 0 entities and 0 collections)
}
INFO  [2022-06-20 16:45:39,301] com.geolocation.caching.GeolocationCaching: CacheStats = CacheStats{hitCount=1, missCount=1, loadSuccessCount=1, loadExceptionCount=0, totalLoadTime=601489300, evictionCount=0} 
INFO  [2022-06-20 16:45:39,304] org.hibernate.engine.internal.StatisticalLoggingSessionEventListener: Session Metrics {
    33700 nanoseconds spent acquiring 1 JDBC connections;
    26700 nanoseconds spent releasing 1 JDBC connections;
    0 nanoseconds spent preparing 0 JDBC statements;
    0 nanoseconds spent executing 0 JDBC statements;
    0 nanoseconds spent executing 0 JDBC batches;
    0 nanoseconds spent performing 0 L2C puts;
    0 nanoseconds spent performing 0 L2C hits;
    0 nanoseconds spent performing 0 L2C misses;
    0 nanoseconds spent executing 0 flushes (flushing a total of 0 entities and 0 collections);
    0 nanoseconds spent executing 0 partial-flushes (flushing a total of 0 entities and 0 collections)
}
INFO  [2022-06-20 16:45:46,502] com.geolocation.caching.GeolocationCaching: CacheStats = CacheStats{hitCount=2, missCount=1, loadSuccessCount=1, loadExceptionCount=0, totalLoadTime=601489300, evictionCount=0} 
INFO  [2022-06-20 16:45:46,504] org.hibernate.engine.internal.StatisticalLoggingSessionEventListener: Session Metrics {
    47100 nanoseconds spent acquiring 1 JDBC connections;
    20400 nanoseconds spent releasing 1 JDBC connections;
    0 nanoseconds spent preparing 0 JDBC statements;
    0 nanoseconds spent executing 0 JDBC statements;
    0 nanoseconds spent executing 0 JDBC batches;
    0 nanoseconds spent performing 0 L2C puts;
    0 nanoseconds spent performing 0 L2C hits;
    0 nanoseconds spent performing 0 L2C misses;
    0 nanoseconds spent executing 0 flushes (flushing a total of 0 entities and 0 collections);
    0 nanoseconds spent executing 0 partial-flushes (flushing a total of 0 entities and 0 collections)
}
INFO  [2022-06-20 16:50:39,297] org.eclipse.jetty.util.log: Logging initialized @2949ms to org.eclipse.jetty.util.log.Slf4jLog
INFO  [2022-06-20 16:50:39,399] io.dropwizard.server.DefaultServerFactory: Registering jersey handler with root path prefix: /
INFO  [2022-06-20 16:50:39,402] io.dropwizard.server.DefaultServerFactory: Registering admin handler with root path prefix: /
INFO  [2022-06-20 16:50:39,548] org.hibernate.Version: HHH000412: Hibernate ORM core version 5.6.7.Final
INFO  [2022-06-20 16:50:39,816] io.dropwizard.hibernate.SessionFactoryFactory: Entity classes: [com.geolocation.domain.entity.Geolocation]
INFO  [2022-06-20 16:50:39,853] org.hibernate.annotations.common.Version: HCANN000001: Hibernate Commons Annotations {5.1.2.Final}
INFO  [2022-06-20 16:50:41,091] org.hibernate.dialect.Dialect: HHH000400: Using dialect: org.hibernate.dialect.MySQL5InnoDBDialect
INFO  [2022-06-20 16:50:42,453] io.dropwizard.server.ServerFactory: Starting GeoLocationApp
INFO  [2022-06-20 16:50:42,548] org.eclipse.jetty.setuid.SetUIDListener: Opened application@2295566b{HTTP/1.1, (http/1.1)}{0.0.0.0:8089}
INFO  [2022-06-20 16:50:42,548] org.eclipse.jetty.setuid.SetUIDListener: Opened admin@174e1b99{HTTP/1.1, (http/1.1)}{0.0.0.0:8090}
INFO  [2022-06-20 16:50:42,551] org.eclipse.jetty.server.Server: jetty-9.4.46.v20220331; built: 2022-03-31T16:38:08.030Z; git: bc17a0369a11ecf40bb92c839b9ef0a8ac50ea18; jvm 11.0.11+9-LTS
INFO  [2022-06-20 16:50:43,120] io.dropwizard.jersey.DropwizardResourceConfig: The following paths were found for the configured resources:

    GET     /locations/ (com.geolocation.resource.GeolocationResource)

WARN  [2022-06-20 16:50:43,123] org.glassfish.jersey.internal.Errors: The following warnings have been detected: WARNING: The (sub)resource method getGeolocation in com.geolocation.resource.GeolocationResource contains empty path annotation.

INFO  [2022-06-20 16:50:43,124] org.eclipse.jetty.server.handler.ContextHandler: Started i.d.j.MutableServletContextHandler@2d23a5be{/,null,AVAILABLE}
INFO  [2022-06-20 16:50:43,130] io.dropwizard.setup.AdminEnvironment: tasks = 

    POST    /tasks/log-level (io.dropwizard.servlets.tasks.LogConfigurationTask)
    POST    /tasks/gc (io.dropwizard.servlets.tasks.GarbageCollectionTask)

INFO  [2022-06-20 16:50:43,131] org.eclipse.jetty.server.handler.ContextHandler: Started i.d.j.MutableServletContextHandler@45cf0c15{/,null,AVAILABLE}
INFO  [2022-06-20 16:50:43,150] org.eclipse.jetty.server.AbstractConnector: Started application@2295566b{HTTP/1.1, (http/1.1)}{0.0.0.0:8089}
INFO  [2022-06-20 16:50:43,157] org.eclipse.jetty.server.AbstractConnector: Started admin@174e1b99{HTTP/1.1, (http/1.1)}{0.0.0.0:8090}
INFO  [2022-06-20 16:50:43,157] org.eclipse.jetty.server.Server: Started @6811ms
INFO  [2022-06-20 16:50:48,809] com.geolocation.service.GeolocationService: get request is made by passing 24.48.0.1 ip address 
INFO  [2022-06-20 16:50:48,809] com.geolocation.caching.GeolocationCaching: CacheStats = CacheStats{hitCount=0, missCount=0, loadSuccessCount=0, loadExceptionCount=0, totalLoadTime=0, evictionCount=0} 
INFO  [2022-06-20 16:50:48,823] com.geolocation.caching.GeolocationCaching: Fetching Geolocation Data from DB/ Cache
INFO  [2022-06-20 16:50:48,824] com.geolocation.service.GeolocationService: Ip address Searching in Database: 24.48.0.1
INFO  [2022-06-20 16:50:48,824] com.geolocation.service.GeolocationService: Searching for {} in database: 24.48.0.1
INFO  [2022-06-20 16:50:48,884] com.geolocation.service.GeolocationService: Record of 24.48.0.1 is not found in database
INFO  [2022-06-20 16:50:48,884] com.geolocation.service.GeolocationService: making api call to search 24.48.0.1: 
INFO  [2022-06-20 16:50:49,157] com.geolocation.service.GeolocationService: save geolocation data in database with ip address: 24.48.0.1
INFO  [2022-06-20 16:50:49,268] org.hibernate.engine.internal.StatisticalLoggingSessionEventListener: Session Metrics {
    72200 nanoseconds spent acquiring 1 JDBC connections;
    34200 nanoseconds spent releasing 1 JDBC connections;
    19393500 nanoseconds spent preparing 3 JDBC statements;
    32281600 nanoseconds spent executing 3 JDBC statements;
    0 nanoseconds spent executing 0 JDBC batches;
    0 nanoseconds spent performing 0 L2C puts;
    0 nanoseconds spent performing 0 L2C hits;
    0 nanoseconds spent performing 0 L2C misses;
    41182000 nanoseconds spent executing 1 flushes (flushing a total of 1 entities and 0 collections);
    0 nanoseconds spent executing 0 partial-flushes (flushing a total of 0 entities and 0 collections)
}
INFO  [2022-06-20 16:57:15,784] org.eclipse.jetty.util.log: Logging initialized @3156ms to org.eclipse.jetty.util.log.Slf4jLog
INFO  [2022-06-20 16:57:15,867] io.dropwizard.server.DefaultServerFactory: Registering jersey handler with root path prefix: /
INFO  [2022-06-20 16:57:15,869] io.dropwizard.server.DefaultServerFactory: Registering admin handler with root path prefix: /
INFO  [2022-06-20 16:57:16,011] org.hibernate.Version: HHH000412: Hibernate ORM core version 5.6.7.Final
INFO  [2022-06-20 16:57:16,293] io.dropwizard.hibernate.SessionFactoryFactory: Entity classes: [com.geolocation.domain.entity.Geolocation]
INFO  [2022-06-20 16:57:16,322] org.hibernate.annotations.common.Version: HCANN000001: Hibernate Commons Annotations {5.1.2.Final}
INFO  [2022-06-20 16:57:17,754] org.hibernate.dialect.Dialect: HHH000400: Using dialect: org.hibernate.dialect.MySQL5InnoDBDialect
INFO  [2022-06-20 16:57:19,119] io.dropwizard.server.ServerFactory: Starting GeoLocationApp
INFO  [2022-06-20 16:57:19,219] org.eclipse.jetty.setuid.SetUIDListener: Opened application@2295566b{HTTP/1.1, (http/1.1)}{0.0.0.0:8089}
INFO  [2022-06-20 16:57:19,220] org.eclipse.jetty.setuid.SetUIDListener: Opened admin@174e1b99{HTTP/1.1, (http/1.1)}{0.0.0.0:8090}
INFO  [2022-06-20 16:57:19,222] org.eclipse.jetty.server.Server: jetty-9.4.46.v20220331; built: 2022-03-31T16:38:08.030Z; git: bc17a0369a11ecf40bb92c839b9ef0a8ac50ea18; jvm 11.0.11+9-LTS
INFO  [2022-06-20 16:57:19,781] io.dropwizard.jersey.DropwizardResourceConfig: The following paths were found for the configured resources:

    GET     /locations/ (com.geolocation.resource.GeolocationResource)

WARN  [2022-06-20 16:57:19,783] org.glassfish.jersey.internal.Errors: The following warnings have been detected: WARNING: The (sub)resource method getGeolocation in com.geolocation.resource.GeolocationResource contains empty path annotation.

INFO  [2022-06-20 16:57:19,784] org.eclipse.jetty.server.handler.ContextHandler: Started i.d.j.MutableServletContextHandler@2d23a5be{/,null,AVAILABLE}
INFO  [2022-06-20 16:57:19,788] io.dropwizard.setup.AdminEnvironment: tasks = 

    POST    /tasks/log-level (io.dropwizard.servlets.tasks.LogConfigurationTask)
    POST    /tasks/gc (io.dropwizard.servlets.tasks.GarbageCollectionTask)

INFO  [2022-06-20 16:57:19,789] org.eclipse.jetty.server.handler.ContextHandler: Started i.d.j.MutableServletContextHandler@45cf0c15{/,null,AVAILABLE}
INFO  [2022-06-20 16:57:19,820] org.eclipse.jetty.server.AbstractConnector: Started application@2295566b{HTTP/1.1, (http/1.1)}{0.0.0.0:8089}
INFO  [2022-06-20 16:57:19,829] org.eclipse.jetty.server.AbstractConnector: Started admin@174e1b99{HTTP/1.1, (http/1.1)}{0.0.0.0:8090}
INFO  [2022-06-20 16:57:19,829] org.eclipse.jetty.server.Server: Started @7202ms
INFO  [2022-06-20 16:57:31,074] com.geolocation.service.GeolocationService: 
GET request by passing 24.48.0.1 ip address 
INFO  [2022-06-20 16:57:31,074] com.geolocation.service.GeolocationService: ============STARTING GETTING DATA==================
INFO  [2022-06-20 16:57:31,074] com.geolocation.caching.GeolocationCaching: CacheStats = CacheStats{hitCount=0, missCount=0, loadSuccessCount=0, loadExceptionCount=0, totalLoadTime=0, evictionCount=0} 
INFO  [2022-06-20 16:57:31,088] com.geolocation.caching.GeolocationCaching: Fetching Geolocation Data from DB/ Cache
INFO  [2022-06-20 16:57:31,088] com.geolocation.service.GeolocationService: Ip address Searching in Database: 24.48.0.1
INFO  [2022-06-20 16:57:31,089] com.geolocation.service.GeolocationService: Searching for {} in database: 24.48.0.1
INFO  [2022-06-20 16:57:31,148] com.geolocation.service.GeolocationService: Record of 24.48.0.1 is not found in database
INFO  [2022-06-20 16:57:31,149] com.geolocation.service.GeolocationService: making api call to search 24.48.0.1: 
INFO  [2022-06-20 16:57:31,430] com.geolocation.service.GeolocationService: save geolocation data in database with ip address: 24.48.0.1
INFO  [2022-06-20 16:57:31,492] com.geolocation.service.GeolocationService: TIME TAKEN TO RESPONSE : 418 ms
INFO  [2022-06-20 16:57:31,492] com.geolocation.service.GeolocationService: ============SENDING RESPONSE==================

INFO  [2022-06-20 16:57:31,581] org.hibernate.engine.internal.StatisticalLoggingSessionEventListener: Session Metrics {
    55700 nanoseconds spent acquiring 1 JDBC connections;
    93800 nanoseconds spent releasing 1 JDBC connections;
    31740000 nanoseconds spent preparing 3 JDBC statements;
    13504500 nanoseconds spent executing 3 JDBC statements;
    0 nanoseconds spent executing 0 JDBC batches;
    0 nanoseconds spent performing 0 L2C puts;
    0 nanoseconds spent performing 0 L2C hits;
    0 nanoseconds spent performing 0 L2C misses;
    48743600 nanoseconds spent executing 1 flushes (flushing a total of 1 entities and 0 collections);
    0 nanoseconds spent executing 0 partial-flushes (flushing a total of 0 entities and 0 collections)
}
INFO  [2022-06-20 16:57:53,116] com.geolocation.service.GeolocationService: 
GET request by passing 24.48.0.1 ip address 
INFO  [2022-06-20 16:57:53,116] com.geolocation.service.GeolocationService: ============STARTING GETTING DATA==================
INFO  [2022-06-20 16:57:53,116] com.geolocation.caching.GeolocationCaching: CacheStats = CacheStats{hitCount=0, missCount=1, loadSuccessCount=1, loadExceptionCount=0, totalLoadTime=402431300, evictionCount=0} 
INFO  [2022-06-20 16:57:53,116] com.geolocation.service.GeolocationService: TIME TAKEN TO RESPONSE : 0 ms
INFO  [2022-06-20 16:57:53,117] com.geolocation.service.GeolocationService: ============SENDING RESPONSE==================

INFO  [2022-06-20 16:57:53,121] org.hibernate.engine.internal.StatisticalLoggingSessionEventListener: Session Metrics {
    68500 nanoseconds spent acquiring 1 JDBC connections;
    36800 nanoseconds spent releasing 1 JDBC connections;
    0 nanoseconds spent preparing 0 JDBC statements;
    0 nanoseconds spent executing 0 JDBC statements;
    0 nanoseconds spent executing 0 JDBC batches;
    0 nanoseconds spent performing 0 L2C puts;
    0 nanoseconds spent performing 0 L2C hits;
    0 nanoseconds spent performing 0 L2C misses;
    0 nanoseconds spent executing 0 flushes (flushing a total of 0 entities and 0 collections);
    0 nanoseconds spent executing 0 partial-flushes (flushing a total of 0 entities and 0 collections)
}
INFO  [2022-06-20 16:57:54,861] com.geolocation.service.GeolocationService: 
GET request by passing 24.48.0.1 ip address 
INFO  [2022-06-20 16:57:54,861] com.geolocation.service.GeolocationService: ============STARTING GETTING DATA==================
INFO  [2022-06-20 16:57:54,861] com.geolocation.caching.GeolocationCaching: CacheStats = CacheStats{hitCount=1, missCount=1, loadSuccessCount=1, loadExceptionCount=0, totalLoadTime=402431300, evictionCount=0} 
INFO  [2022-06-20 16:57:54,861] com.geolocation.service.GeolocationService: TIME TAKEN TO RESPONSE : 0 ms
INFO  [2022-06-20 16:57:54,861] com.geolocation.service.GeolocationService: ============SENDING RESPONSE==================

INFO  [2022-06-20 16:57:54,863] org.hibernate.engine.internal.StatisticalLoggingSessionEventListener: Session Metrics {
    63900 nanoseconds spent acquiring 1 JDBC connections;
    24100 nanoseconds spent releasing 1 JDBC connections;
    0 nanoseconds spent preparing 0 JDBC statements;
    0 nanoseconds spent executing 0 JDBC statements;
    0 nanoseconds spent executing 0 JDBC batches;
    0 nanoseconds spent performing 0 L2C puts;
    0 nanoseconds spent performing 0 L2C hits;
    0 nanoseconds spent performing 0 L2C misses;
    0 nanoseconds spent executing 0 flushes (flushing a total of 0 entities and 0 collections);
    0 nanoseconds spent executing 0 partial-flushes (flushing a total of 0 entities and 0 collections)
}
INFO  [2022-06-20 16:57:55,952] com.geolocation.service.GeolocationService: 
GET request by passing 24.48.0.1 ip address 
INFO  [2022-06-20 16:57:55,952] com.geolocation.service.GeolocationService: ============STARTING GETTING DATA==================
INFO  [2022-06-20 16:57:55,952] com.geolocation.caching.GeolocationCaching: CacheStats = CacheStats{hitCount=2, missCount=1, loadSuccessCount=1, loadExceptionCount=0, totalLoadTime=402431300, evictionCount=0} 
INFO  [2022-06-20 16:57:55,952] com.geolocation.service.GeolocationService: TIME TAKEN TO RESPONSE : 0 ms
INFO  [2022-06-20 16:57:55,952] com.geolocation.service.GeolocationService: ============SENDING RESPONSE==================

INFO  [2022-06-20 16:57:55,954] org.hibernate.engine.internal.StatisticalLoggingSessionEventListener: Session Metrics {
    46400 nanoseconds spent acquiring 1 JDBC connections;
    31600 nanoseconds spent releasing 1 JDBC connections;
    0 nanoseconds spent preparing 0 JDBC statements;
    0 nanoseconds spent executing 0 JDBC statements;
    0 nanoseconds spent executing 0 JDBC batches;
    0 nanoseconds spent performing 0 L2C puts;
    0 nanoseconds spent performing 0 L2C hits;
    0 nanoseconds spent performing 0 L2C misses;
    0 nanoseconds spent executing 0 flushes (flushing a total of 0 entities and 0 collections);
    0 nanoseconds spent executing 0 partial-flushes (flushing a total of 0 entities and 0 collections)
}
INFO  [2022-06-20 16:59:17,896] org.eclipse.jetty.util.log: Logging initialized @3153ms to org.eclipse.jetty.util.log.Slf4jLog
INFO  [2022-06-20 16:59:18,001] io.dropwizard.server.DefaultServerFactory: Registering jersey handler with root path prefix: /
INFO  [2022-06-20 16:59:18,003] io.dropwizard.server.DefaultServerFactory: Registering admin handler with root path prefix: /
INFO  [2022-06-20 16:59:18,216] org.hibernate.Version: HHH000412: Hibernate ORM core version 5.6.7.Final
INFO  [2022-06-20 16:59:18,612] io.dropwizard.hibernate.SessionFactoryFactory: Entity classes: [com.geolocation.domain.entity.Geolocation]
INFO  [2022-06-20 16:59:18,652] org.hibernate.annotations.common.Version: HCANN000001: Hibernate Commons Annotations {5.1.2.Final}
INFO  [2022-06-20 16:59:20,338] org.hibernate.dialect.Dialect: HHH000400: Using dialect: org.hibernate.dialect.MySQL5InnoDBDialect
INFO  [2022-06-20 16:59:21,977] io.dropwizard.server.ServerFactory: Starting GeoLocationApp
INFO  [2022-06-20 16:59:22,079] org.eclipse.jetty.setuid.SetUIDListener: Opened application@520c3dcb{HTTP/1.1, (http/1.1)}{0.0.0.0:8089}
INFO  [2022-06-20 16:59:22,079] org.eclipse.jetty.setuid.SetUIDListener: Opened admin@145fe8ab{HTTP/1.1, (http/1.1)}{0.0.0.0:8090}
INFO  [2022-06-20 16:59:22,083] org.eclipse.jetty.server.Server: jetty-9.4.46.v20220331; built: 2022-03-31T16:38:08.030Z; git: bc17a0369a11ecf40bb92c839b9ef0a8ac50ea18; jvm 11.0.11+9-LTS
INFO  [2022-06-20 16:59:22,871] io.dropwizard.jersey.DropwizardResourceConfig: The following paths were found for the configured resources:

    GET     /locations/ (com.geolocation.resource.GeolocationResource)

WARN  [2022-06-20 16:59:22,876] org.glassfish.jersey.internal.Errors: The following warnings have been detected: WARNING: The (sub)resource method getGeolocation in com.geolocation.resource.GeolocationResource contains empty path annotation.

INFO  [2022-06-20 16:59:22,878] org.eclipse.jetty.server.handler.ContextHandler: Started i.d.j.MutableServletContextHandler@5f32ab17{/,null,AVAILABLE}
INFO  [2022-06-20 16:59:22,882] io.dropwizard.setup.AdminEnvironment: tasks = 

    POST    /tasks/log-level (io.dropwizard.servlets.tasks.LogConfigurationTask)
    POST    /tasks/gc (io.dropwizard.servlets.tasks.GarbageCollectionTask)

INFO  [2022-06-20 16:59:22,883] org.eclipse.jetty.server.handler.ContextHandler: Started i.d.j.MutableServletContextHandler@c86c486{/,null,AVAILABLE}
INFO  [2022-06-20 16:59:22,898] org.eclipse.jetty.server.AbstractConnector: Started application@520c3dcb{HTTP/1.1, (http/1.1)}{0.0.0.0:8089}
INFO  [2022-06-20 16:59:22,919] org.eclipse.jetty.server.AbstractConnector: Started admin@145fe8ab{HTTP/1.1, (http/1.1)}{0.0.0.0:8090}
INFO  [2022-06-20 16:59:22,919] org.eclipse.jetty.server.Server: Started @8177ms
INFO  [2022-06-20 16:59:27,872] com.geolocation.service.GeolocationService: 
GET request by passing 24.48.0.1 ip address 
INFO  [2022-06-20 16:59:27,872] com.geolocation.service.GeolocationService: ============GETTING DATA==================
INFO  [2022-06-20 16:59:27,873] com.geolocation.caching.GeolocationCaching: CacheStats = CacheStats{hitCount=0, missCount=0, loadSuccessCount=0, loadExceptionCount=0, totalLoadTime=0, evictionCount=0} 
INFO  [2022-06-20 16:59:27,882] com.geolocation.caching.GeolocationCaching: Fetching Geolocation Data from DB/ Cache
INFO  [2022-06-20 16:59:27,882] com.geolocation.service.GeolocationService: Ip address Searching in Database: 24.48.0.1
INFO  [2022-06-20 16:59:27,882] com.geolocation.service.GeolocationService: Searching for {} in database: 24.48.0.1
INFO  [2022-06-20 16:59:27,942] com.geolocation.service.GeolocationService: Record of 24.48.0.1 is not found in database
INFO  [2022-06-20 16:59:27,942] com.geolocation.service.GeolocationService: making api call to search 24.48.0.1: 
INFO  [2022-06-20 16:59:28,203] com.geolocation.service.GeolocationService: save geolocation data in database with ip address: 24.48.0.1
INFO  [2022-06-20 16:59:28,232] com.geolocation.service.GeolocationService: TIME TAKEN : 360 ms
INFO  [2022-06-20 16:59:28,233] com.geolocation.service.GeolocationService: ============RESPONSE SENT==================

INFO  [2022-06-20 16:59:28,314] org.hibernate.engine.internal.StatisticalLoggingSessionEventListener: Session Metrics {
    49900 nanoseconds spent acquiring 1 JDBC connections;
    36900 nanoseconds spent releasing 1 JDBC connections;
    20747300 nanoseconds spent preparing 3 JDBC statements;
    34333100 nanoseconds spent executing 3 JDBC statements;
    0 nanoseconds spent executing 0 JDBC batches;
    0 nanoseconds spent performing 0 L2C puts;
    0 nanoseconds spent performing 0 L2C hits;
    0 nanoseconds spent performing 0 L2C misses;
    39655100 nanoseconds spent executing 1 flushes (flushing a total of 1 entities and 0 collections);
    0 nanoseconds spent executing 0 partial-flushes (flushing a total of 0 entities and 0 collections)
}
INFO  [2022-06-20 16:59:57,755] com.geolocation.service.GeolocationService: 
GET request by passing 24.48.0.1 ip address 
INFO  [2022-06-20 16:59:57,755] com.geolocation.service.GeolocationService: ============GETTING DATA==================
INFO  [2022-06-20 16:59:57,756] com.geolocation.caching.GeolocationCaching: CacheStats = CacheStats{hitCount=0, missCount=1, loadSuccessCount=1, loadExceptionCount=0, totalLoadTime=349048300, evictionCount=0} 
INFO  [2022-06-20 16:59:57,756] com.geolocation.service.GeolocationService: TIME TAKEN : 1 ms
INFO  [2022-06-20 16:59:57,756] com.geolocation.service.GeolocationService: ============RESPONSE SENT==================

INFO  [2022-06-20 16:59:57,759] org.hibernate.engine.internal.StatisticalLoggingSessionEventListener: Session Metrics {
    43000 nanoseconds spent acquiring 1 JDBC connections;
    26000 nanoseconds spent releasing 1 JDBC connections;
    0 nanoseconds spent preparing 0 JDBC statements;
    0 nanoseconds spent executing 0 JDBC statements;
    0 nanoseconds spent executing 0 JDBC batches;
    0 nanoseconds spent performing 0 L2C puts;
    0 nanoseconds spent performing 0 L2C hits;
    0 nanoseconds spent performing 0 L2C misses;
    0 nanoseconds spent executing 0 flushes (flushing a total of 0 entities and 0 collections);
    0 nanoseconds spent executing 0 partial-flushes (flushing a total of 0 entities and 0 collections)
}
INFO  [2022-06-20 17:00:06,156] com.geolocation.service.GeolocationService: 
GET request by passing 24.48.0.1 ip address 
INFO  [2022-06-20 17:00:06,156] com.geolocation.service.GeolocationService: ============GETTING DATA==================
INFO  [2022-06-20 17:00:06,156] com.geolocation.caching.GeolocationCaching: CacheStats = CacheStats{hitCount=1, missCount=1, loadSuccessCount=1, loadExceptionCount=0, totalLoadTime=349048300, evictionCount=0} 
INFO  [2022-06-20 17:00:06,156] com.geolocation.service.GeolocationService: TIME TAKEN : 0 ms
INFO  [2022-06-20 17:00:06,156] com.geolocation.service.GeolocationService: ============RESPONSE SENT==================

INFO  [2022-06-20 17:00:06,159] org.hibernate.engine.internal.StatisticalLoggingSessionEventListener: Session Metrics {
    35500 nanoseconds spent acquiring 1 JDBC connections;
    25800 nanoseconds spent releasing 1 JDBC connections;
    0 nanoseconds spent preparing 0 JDBC statements;
    0 nanoseconds spent executing 0 JDBC statements;
    0 nanoseconds spent executing 0 JDBC batches;
    0 nanoseconds spent performing 0 L2C puts;
    0 nanoseconds spent performing 0 L2C hits;
    0 nanoseconds spent performing 0 L2C misses;
    0 nanoseconds spent executing 0 flushes (flushing a total of 0 entities and 0 collections);
    0 nanoseconds spent executing 0 partial-flushes (flushing a total of 0 entities and 0 collections)
}
INFO  [2022-06-20 17:01:43,827] com.geolocation.service.GeolocationService: 
GET request by passing 24.48.0.1 ip address 
INFO  [2022-06-20 17:01:43,827] com.geolocation.service.GeolocationService: ============GETTING DATA==================
INFO  [2022-06-20 17:01:43,827] com.geolocation.caching.GeolocationCaching: CacheStats = CacheStats{hitCount=2, missCount=1, loadSuccessCount=1, loadExceptionCount=0, totalLoadTime=349048300, evictionCount=0} 
INFO  [2022-06-20 17:01:43,852] com.geolocation.caching.GeolocationCaching: Fetching Geolocation Data from DB/ Cache
INFO  [2022-06-20 17:01:43,852] com.geolocation.service.GeolocationService: Ip address Searching in Database: 24.48.0.1
INFO  [2022-06-20 17:01:43,852] com.geolocation.service.GeolocationService: Searching for {} in database: 24.48.0.1
INFO  [2022-06-20 17:01:43,883] com.geolocation.service.GeolocationService: TIME TAKEN : 56 ms
INFO  [2022-06-20 17:01:43,883] com.geolocation.service.GeolocationService: ============RESPONSE SENT==================

INFO  [2022-06-20 17:01:43,886] org.hibernate.engine.internal.StatisticalLoggingSessionEventListener: Session Metrics {
    49100 nanoseconds spent acquiring 1 JDBC connections;
    36000 nanoseconds spent releasing 1 JDBC connections;
    620700 nanoseconds spent preparing 1 JDBC statements;
    15814500 nanoseconds spent executing 1 JDBC statements;
    0 nanoseconds spent executing 0 JDBC batches;
    0 nanoseconds spent performing 0 L2C puts;
    0 nanoseconds spent performing 0 L2C hits;
    0 nanoseconds spent performing 0 L2C misses;
    130700 nanoseconds spent executing 1 flushes (flushing a total of 1 entities and 0 collections);
    0 nanoseconds spent executing 0 partial-flushes (flushing a total of 0 entities and 0 collections)
}
